c:\src\pagmosharp\pagmowrapper\intermediate\vc142.pdb
c:\src\pagmosharp\pagmowrapper\intermediate\vc142.idb
c:\src\pagmosharp\pagmowrapper\intermediate\problem.obj
c:\src\pagmosharp\pagmowrapper\intermediate\pagmoproblemexterns.obj
c:\src\pagmosharp\pagmowrapper\intermediate\generatedwrappers.obj
c:\src\pagmosharp\pagmowrapper\intermediate\pagmowrapper.ilk
c:\src\pagmosharp\pagmowrapper\bin\pagmowrapper.dll
c:\src\pagmosharp\pagmowrapper\bin\pagmowrapper.pdb
c:\src\pagmosharp\pagmowrapper\bin\pagmowrapper.lib
c:\src\pagmosharp\pagmowrapper\bin\pagmowrapper.exp
c:\src\pagmosharp\pagmowrapper\bin\boost_serialization-vc142-mt-gd-x32-1_77.dll
c:\src\pagmosharp\pagmowrapper\bin\pagmo.dll
c:\src\pagmosharp\pagmowrapper\bin\tbb_debug.dll
c:\src\pagmosharp\\pagmowrapper\bin\pagmowrapper.pdb
c:\src\pagmosharp\pagmowrapper\intermediate\pagmowrapper.tlog\cl.command.1.tlog
c:\src\pagmosharp\pagmowrapper\intermediate\pagmowrapper.tlog\cl.read.1.tlog
c:\src\pagmosharp\pagmowrapper\intermediate\pagmowrapper.tlog\cl.write.1.tlog
c:\src\pagmosharp\pagmowrapper\intermediate\pagmowrapper.tlog\link.command.1.tlog
c:\src\pagmosharp\pagmowrapper\intermediate\pagmowrapper.tlog\link.read.1.tlog
c:\src\pagmosharp\pagmowrapper\intermediate\pagmowrapper.tlog\link.write.1.tlog
c:\src\pagmosharp\pagmowrapper\intermediate\pagmowrapper.tlog\pagmowrapper.write.1u.tlog
